<?xml version="1.0" encoding="UTF-8"?>
<testng-results ignored="0" total="1" passed="1" failed="0" skipped="0">
  <reporter-output>
  </reporter-output>
  <suite started-at="2024-06-24T15:29:17 IST" name="Default suite" finished-at="2024-06-24T15:29:53 IST" duration-ms="36254">
    <groups>
    </groups>
    <test started-at="2024-06-24T15:29:17 IST" name="Default test" finished-at="2024-06-24T15:29:53 IST" duration-ms="36254">
      <class name="testCases.TC_001_AccountRegistrationTest">
        <test-method is-config="true" signature="setup()[pri:0, instance:testCases.TC_001_AccountRegistrationTest@7a48e6e2]" started-at="2024-06-24T15:29:17 IST" name="setup" finished-at="2024-06-24T15:29:25 IST" duration-ms="7908" status="PASS">
          <reporter-output>
          </reporter-output>
        </test-method> <!-- setup -->
        <test-method signature="verify_account_registration()[pri:0, instance:testCases.TC_001_AccountRegistrationTest@7a48e6e2]" started-at="2024-06-24T15:29:25 IST" name="verify_account_registration" finished-at="2024-06-24T15:29:53 IST" duration-ms="28261" status="PASS">
          <reporter-output>
          </reporter-output>
        </test-method> <!-- verify_account_registration -->
        <test-method is-config="true" signature="tearDown()[pri:0, instance:testCases.TC_001_AccountRegistrationTest@7a48e6e2]" started-at="2024-06-24T15:29:53 IST" name="tearDown" finished-at="2024-06-24T15:29:53 IST" duration-ms="1" status="PASS">
          <reporter-output>
          </reporter-output>
        </test-method> <!-- tearDown -->
      </class> <!-- testCases.TC_001_AccountRegistrationTest -->
    </test> <!-- Default test -->
  </suite> <!-- Default suite -->
</testng-results>
